\BOOKMARK [1][-]{section.1}{./AssignmentToIndex.m}{}% 1
\BOOKMARK [1][-]{section.2}{./CalculateExpectedUtilityFactor.m}{}% 2
\BOOKMARK [1][-]{section.3}{./CompareData.m}{}% 3
\BOOKMARK [1][-]{section.4}{./CPDFromFactor.m}{}% 4
\BOOKMARK [1][-]{section.5}{./EliminateVar.m}{}% 5
\BOOKMARK [1][-]{section.6}{./FactorMarginalization.m}{}% 6
\BOOKMARK [1][-]{section.7}{./FactorProduct.m}{}% 7
\BOOKMARK [1][-]{section.8}{./FactorSum.m}{}% 8
\BOOKMARK [1][-]{section.9}{./GetValueOfAssignment.m}{}% 9
\BOOKMARK [1][-]{section.10}{./IndexToAssignment.m}{}% 10
\BOOKMARK [1][-]{section.11}{./NormalizeCPDFactors.m}{}% 11
\BOOKMARK [1][-]{section.12}{./NormalizeFactorValues.m}{}% 12
\BOOKMARK [1][-]{section.13}{./ObserveEvidence.m}{}% 13
\BOOKMARK [1][-]{section.14}{./OptimizeLinearExpectations.m}{}% 14
\BOOKMARK [1][-]{section.15}{./OptimizeMEU.m}{}% 15
\BOOKMARK [1][-]{section.16}{./OptimizeWithJointUtility.m}{}% 16
\BOOKMARK [1][-]{section.17}{./PA6\137RunTests.m}{}% 17
\BOOKMARK [1][-]{section.18}{./PrintFactor.m}{}% 18
\BOOKMARK [1][-]{section.19}{./SetValueOfAssignment.m}{}% 19
\BOOKMARK [1][-]{section.20}{./SimpleCalcExpectedUtility.m}{}% 20
\BOOKMARK [1][-]{section.21}{./SimpleOptimizeMEU.m}{}% 21
\BOOKMARK [1][-]{section.22}{./submit.m}{}% 22
\BOOKMARK [1][-]{section.23}{./submitWeb.m}{}% 23
\BOOKMARK [1][-]{section.24}{./TestCases.m}{}% 24
\BOOKMARK [1][-]{section.25}{./VariableElimination.m}{}% 25
